<?xml version="1.0" encoding="UTF-8"?>
<testng-results ignored="0" total="1" passed="1" failed="0" skipped="0">
  <reporter-output>
  </reporter-output>
  <suite started-at="2025-11-07T15:07:11 IST" name="Suite" finished-at="2025-11-07T15:08:26 IST" duration-ms="75549">
    <groups>
    </groups>
    <test started-at="2025-11-07T15:07:11 IST" name="Test" finished-at="2025-11-07T15:08:26 IST" duration-ms="75549">
      <class name="pro.airbnb_final.BookingTest">
        <test-method signature="booking(resources.Data)[pri:0, instance:pro.airbnb_final.BookingTest@9bd0fa6]" started-at="2025-11-07T15:07:11 IST" name="booking" data-provider="getData" finished-at="2025-11-07T15:08:26 IST" duration-ms="74708" status="PASS">
          <params>
            <param index="0">
              <value>
                <![CDATA[resources.Data@58294867]]>
              </value>
            </param>
          </params>
          <reporter-output>
          </reporter-output>
        </test-method> <!-- booking -->
      </class> <!-- pro.airbnb_final.BookingTest -->
    </test> <!-- Test -->
  </suite> <!-- Suite -->
</testng-results>
