<?xml version="1.0" encoding="UTF-8"?>
<!-- Generated by org.testng.reporters.JUnitXMLReporter -->
<testsuite ignored="1" hostname="10206-TZD-TRNG" failures="1" tests="4" name="Test" time="2.073" errors="0" timestamp="2025-11-04T12:57:17 IST">
  <testcase classname="testcases.LoginTest" name="check" time="0.009"/>
  <testcase classname="testcases.LoginTest" name="loginData" time="0.001">
    <failure type="java.lang.ArithmeticException" message="/ by zero">
      <![CDATA[java.lang.ArithmeticException: / by zero
at testcases.LoginTest.loginData(LoginTest.java:24)
at java.base/java.util.ArrayList.forEach(ArrayList.java:1596)
... Removed 25 stack frames]]>
    </failure>
  </testcase> <!-- loginData -->
  <testcase classname="testcases.LoginTest" name="check3" time="2.008"/>
  <testcase classname="testcases.LoginTest" name="logoutData" time="0.0">
    <skipped/>
  </testcase> <!-- logoutData -->
  <testcase classname="testcases.LoginTest" name="check2" time="0.0">
    <ignored/>
  </testcase> <!-- check2 -->
</testsuite> <!-- Test -->
