<?xml version="1.0" encoding="UTF-8"?>
<testng-results ignored="0" total="2" passed="2" failed="0" skipped="0">
  <reporter-output>
  </reporter-output>
  <suite started-at="2025-11-05T09:20:08 IST" name="Surefire suite" finished-at="2025-11-05T09:20:09 IST" duration-ms="43">
    <groups>
    </groups>
    <test started-at="2025-11-05T09:20:08 IST" name="Surefire test" finished-at="2025-11-05T09:20:09 IST" duration-ms="43">
      <class name="mvn1.MavenPractice.PaymentTest">
        <test-method signature="pay()[pri:0, instance:mvn1.MavenPractice.PaymentTest@15761df8]" started-at="2025-11-05T09:20:09 IST" name="pay" finished-at="2025-11-05T09:20:09 IST" duration-ms="1" status="PASS">
          <reporter-output>
          </reporter-output>
        </test-method> <!-- pay -->
      </class> <!-- mvn1.MavenPractice.PaymentTest -->
      <class name="mvn1.MavenPractice.LoginTest">
        <test-method signature="login()[pri:0, instance:mvn1.MavenPractice.LoginTest@13acb0d1]" started-at="2025-11-05T09:20:09 IST" name="login" finished-at="2025-11-05T09:20:09 IST" duration-ms="4" status="PASS">
          <reporter-output>
          </reporter-output>
        </test-method> <!-- login -->
      </class> <!-- mvn1.MavenPractice.LoginTest -->
    </test> <!-- Surefire test -->
  </suite> <!-- Surefire suite -->
</testng-results>
