<?xml version="1.0" encoding="UTF-8"?>
<testng-results ignored="0" total="1" passed="1" failed="0" skipped="0">
  <reporter-output>
  </reporter-output>
  <suite started-at="2025-10-29T02:43:03 PDT" name="Surefire suite" finished-at="2025-10-29T02:43:03 PDT" duration-ms="32">
    <groups>
    </groups>
    <test started-at="2025-10-29T02:43:03 PDT" name="Surefire test" finished-at="2025-10-29T02:43:03 PDT" duration-ms="32">
      <class name="test.ujj.LoginTest">
        <test-method signature="login()[pri:0, instance:test.ujj.LoginTest@4034c28c]" started-at="2025-10-29T02:43:03 PDT" name="login" finished-at="2025-10-29T02:43:03 PDT" duration-ms="3" status="PASS">
          <reporter-output>
          </reporter-output>
        </test-method> <!-- login -->
      </class> <!-- test.ujj.LoginTest -->
    </test> <!-- Surefire test -->
  </suite> <!-- Surefire suite -->
</testng-results>
