<?xml version="1.0" encoding="UTF-8"?>
<testng-results ignored="0" total="1" passed="1" failed="0" skipped="0">
  <reporter-output>
  </reporter-output>
  <suite started-at="2025-11-05T14:30:02 IST" name="Default suite" finished-at="2025-11-05T14:30:03 IST" duration-ms="626">
    <groups>
    </groups>
    <test started-at="2025-11-05T14:30:02 IST" name="Default test" finished-at="2025-11-05T14:30:03 IST" duration-ms="626">
      <class name="mvn1.MavenPractice.ReportExampleTest">
        <test-method is-config="true" signature="config()[pri:0, instance:mvn1.MavenPractice.ReportExampleTest@65987993]" started-at="2025-11-05T14:30:02 IST" name="config" finished-at="2025-11-05T14:30:02 IST" duration-ms="23" status="PASS">
          <reporter-output>
          </reporter-output>
        </test-method> <!-- config -->
        <test-method signature="test()[pri:0, instance:mvn1.MavenPractice.ReportExampleTest@65987993]" started-at="2025-11-05T14:30:02 IST" name="test" finished-at="2025-11-05T14:30:03 IST" duration-ms="494" status="PASS">
          <reporter-output>
          </reporter-output>
        </test-method> <!-- test -->
      </class> <!-- mvn1.MavenPractice.ReportExampleTest -->
    </test> <!-- Default test -->
  </suite> <!-- Default suite -->
</testng-results>
