<?xml version="1.0" encoding="UTF-8"?>
<!-- Generated by org.testng.reporters.JUnitReportReporter -->
<testsuite hostname="10206-TZD-TRNG" failures="0" tests="3" name="testcases.P01_Priority" time="0.012" errors="0" timestamp="2025-11-04T10:26:23 IST" skipped="0">
  <testcase classname="testcases.P01_Priority" name="meathodC" time="0.010"/>
  <testcase classname="testcases.P01_Priority" name="meathodA" time="0.001"/>
  <testcase classname="testcases.P01_Priority" name="meathodB" time="0.001"/>
</testsuite> <!-- testcases.P01_Priority -->
